<?xml version="1.0" encoding="UTF-8"?>
<!-- Generated by org.testng.reporters.JUnitXMLReporter -->
<testsuite hostname="DXK" name="Test Mail Functions" tests="3" failures="0" timestamp="7 May 2015 04:34:02 GMT" time="53.322" errors="0">
  <testcase name="testMailLogin on null(tse.testCases.TestMailTestCase)" time="10.898" classname="tse.testCases.TestMailTestCase"/>
  <testcase name="testMailSearch on null(tse.testCases.TestMailTestCase)" time="8.429" classname="tse.testCases.TestMailTestCase"/>
  <testcase name="testMailSend on null(tse.testCases.TestMailTestCase)" time="9.367" classname="tse.testCases.TestMailTestCase"/>
</testsuite> <!-- Test Mail Functions -->
