<?xml version="1.0" encoding="UTF-8"?>
<!-- Generated by org.testng.reporters.JUnitXMLReporter -->
<testsuite hostname="DXK" name="Test Mail Login" tests="1" failures="1" timestamp="7 May 2015 01:21:31 GMT" time="29.763" errors="0">
  <testcase name="testMailLogin on null(tse.testCases.TestMailLoginTestCase)" time="13.283" classname="tse.testCases.TestMailLoginTestCase">
    <failure type="java.util.regex.PatternSyntaxException" message="Dangling meta character &amp;apos;*&amp;apos; near index 0
*$
^">
      <![CDATA[java.util.regex.PatternSyntaxException: Dangling meta character '*' near index 0
*$
^
	at java.util.regex.Pattern.error(Unknown Source)
	at java.util.regex.Pattern.sequence(Unknown Source)
	at java.util.regex.Pattern.expr(Unknown Source)
	at java.util.regex.Pattern.compile(Unknown Source)
	at java.util.regex.Pattern.<init>(Unknown Source)
	at java.util.regex.Pattern.compile(Unknown Source)
	at java.util.regex.Pattern.matches(Unknown Source)
	at java.lang.String.matches(Unknown Source)
	at tse.tasks.TestMailTasks.verifyInboxTitle(TestMailTasks.java:140)
	at tse.testCases.TestMailLoginTestCase.testMailLogin(TestMailLoginTestCase.java:53)
	at tse.testCases.SearchEngineSuite.main(SearchEngineSuite.java:112)
... Removed 21 stack frames]]>
    </failure>
  </testcase> <!-- testMailLogin on null(tse.testCases.TestMailLoginTestCase) -->
</testsuite> <!-- Test Mail Login -->
