<?xml version="1.0" encoding="UTF-8"?>
<!-- Generated by org.testng.reporters.JUnitXMLReporter -->
<testsuite hostname="Guangyu@MBP" name="Test Google" tests="2" failures="0" timestamp="3 May 2015 03:04:12 GMT" time="28.272" errors="0">
  <testcase name="testGoogle_1 on null(tse.testCases.TestGoogleTestCase)" time="10.965" classname="tse.testCases.TestGoogleTestCase"/>
  <testcase name="testGoogle_2 on null(tse.testCases.TestGoogleTestCase)" time="12.006" classname="tse.testCases.TestGoogleTestCase"/>
</testsuite> <!-- Test Google -->
