<?xml version="1.0" encoding="UTF-8"?>
<!-- Generated by org.testng.reporters.JUnitXMLReporter -->
<testsuite hostname="Guangyu@MBP" name="Test Google" tests="2" failures="0" timestamp="4 May 2015 01:34:48 GMT" time="26.392" errors="0">
  <testcase name="testGoogle_1 on null(tse.testCases.TestGoogleTestCase)" time="10.729" classname="tse.testCases.TestGoogleTestCase"/>
  <testcase name="testGoogle_2 on null(tse.testCases.TestGoogleTestCase)" time="11.427" classname="tse.testCases.TestGoogleTestCase"/>
</testsuite> <!-- Test Google -->
