<?xml version="1.0" encoding="UTF-8"?>
<testng-results skipped="0" failed="0" total="1" passed="1">
  <reporter-output>
  </reporter-output>
  <suite name="Test Search Engine" duration-ms="16061" started-at="2015-05-06T21:01:56Z" finished-at="2015-05-06T21:02:12Z">
    <groups>
    </groups>
    <test name="Test Mail Login" duration-ms="16061" started-at="2015-05-06T21:01:56Z" finished-at="2015-05-06T21:02:12Z">
      <class name="tse.testCases.TestMailLoginTestCase">
        <test-method status="PASS" signature="setup()[pri:0, instance:null(tse.testCases.TestMailLoginTestCase)]" name="setup" is-config="true" duration-ms="10616" started-at="2015-05-06T16:01:56Z" finished-at="2015-05-06T16:02:07Z">
          <reporter-output>
          </reporter-output>
        </test-method> <!-- setup -->
        <test-method status="PASS" signature="testMailLogin(java.lang.String)[pri:0, instance:null(tse.testCases.TestMailLoginTestCase)]" name="testMailLogin" duration-ms="4920" started-at="2015-05-06T16:02:07Z" finished-at="2015-05-06T16:02:12Z">
          <params>
            <param index="0">
              <value>
                <![CDATA[/resources/mail_login_para_1.xml]]>
              </value>
            </param>
          </params>
          <reporter-output>
          </reporter-output>
        </test-method> <!-- testMailLogin -->
        <test-method status="PASS" signature="stop()[pri:0, instance:null(tse.testCases.TestMailLoginTestCase)]" name="stop" is-config="true" duration-ms="431" started-at="2015-05-06T16:02:12Z" finished-at="2015-05-06T16:02:12Z">
          <reporter-output>
          </reporter-output>
        </test-method> <!-- stop -->
      </class> <!-- tse.testCases.TestMailLoginTestCase -->
    </test> <!-- Test Mail Login -->
  </suite> <!-- Test Search Engine -->
</testng-results>
